Server running on http://localhost:3002
[translate] MS request: from=zh-Hans to=fil text="关于我们" tokenLen=788
[translate] MS response status: 200
[translate] MS request: from=zh-Hans to=fil text="关于我们" tokenLen=788
[translate] MS response status: 200
[translate] MS request: from=zh-Hans to=fil text="佛山市金昱广告材料有限公司成立于2009" tokenLen=788
[translate] MS response status: 200
[translate] MS request: from=zh-Hans to=fil text="我们的业务集广告材料的设计、研发、生产和" tokenLen=788
[translate] MS response status: 200
[translate] MS request: from=zh-Hans to=fil text="我们出口到东南亚、欧洲、美洲、中东和其他" tokenLen=788
[translate] MS response status: 200
[translate] MS request: from=zh-Hans to=fil text="为全球广告专业人士和标牌制作企业提供可靠" tokenLen=788
[translate] MS response status: 200
[translate] MS request: from=zh-Hans to=fil text="成为全球广告材料制造领域的知名品牌——以" tokenLen=788
[translate] MS response status: 200
[translate] MS request: from=zh-Hans to=fil text="质量第一。诚实守信。持续改进。以客户为中" tokenLen=788
[translate] MS response status: 200
[translate] MS request: from=zh-Hans to=fil text="中国广东佛山" tokenLen=788
[translate] MS response status: 200
[translate] MS request: from=zh-Hans to=fil text="2009年 · 创始年" tokenLen=788
[translate] MS response status: 200
[translate] MS request: from=zh-Hans to=fil text="公司成立" tokenLen=788
[translate] MS response status: 200
[translate] MS request: from=zh-Hans to=fil text="佛山市金昱广告材料有限公司在佛山南海区正" tokenLen=788
[translate] MS response status: 200
[translate] MS request: from=zh-Hans to=fil text="2022年10月" tokenLen=788
[translate] MS response status: 200
[translate] MS request: from=zh-Hans to=fil text="首批国际客户——广交会" tokenLen=788
[translate] MS response status: 200
[translate] MS request: from=zh-Hans to=fil text="首次参加广交会。成功与来自东南亚、中东和" tokenLen=788
[translate] MS response status: 200
[translate] MS request: from=zh-Hans to=fil text="2023年3月" tokenLen=788
[translate] MS response status: 200
[translate] MS request: from=zh-Hans to=fil text="研发团队成立" tokenLen=788
[translate] MS response status: 200
[translate] MS request: from=zh-Hans to=fil text="组建专业研发团队，推动产品创新、定制配方" tokenLen=788
[translate] MS response status: 200
[translate] MS request: from=zh-Hans to=fil text="2023年7月" tokenLen=788
[translate] MS response status: 200
[translate] MS request: from=zh-Hans to=fil text="产能扩展" tokenLen=788
[translate] MS response status: 200
[translate] MS request: from=zh-Hans to=fil text="大量投资新生产线和先进设备。产能大幅提升" tokenLen=788
[translate] MS response status: 200
[translate] MS request: from=zh-Hans to=fil text="2024年" tokenLen=788
[translate] MS response status: 200
[translate] MS request: from=zh-Hans to=fil text="获得ISO 9001认证" tokenLen=788
[translate] MS response status: 200
[translate] MS request: from=zh-Hans to=fil text="成功完成ISO 9001:2015质量管" tokenLen=788
[translate] MS response status: 200
[translate] MS request: from=zh-Hans to=fil text="生产设备" tokenLen=788
[translate] MS response status: 200
[translate] MS request: from=zh-Hans to=fil text="2023年扩展的先进挤出线、压延设备、涂" tokenLen=788
[translate] MS response status: 200
[translate] MS request: from=zh-Hans to=fil text="研发实验室" tokenLen=788
[translate] MS response status: 200
[translate] MS request: from=zh-Hans to=fil text="内部检测实验室和研发团队，用于定制配方、" tokenLen=788
[translate] MS response status: 200
[translate] MS request: from=zh-Hans to=fil text="出口仓库" tokenLen=788
[translate] MS response status: 200
[translate] MS request: from=zh-Hans to=fil text="专用出口包装区，提供防潮防震包装，适合国" tokenLen=788
[translate] MS response status: 200
[translate] MS request: from=zh-Hans to=fil text="质量控制流程" tokenLen=788
[translate] MS response status: 200
[translate] MS request: from=zh-Hans to=fil text="原材料检验 → 过程检验 → 成品测试 " tokenLen=788
[translate] MS response status: 200
[translate] MS request: from=zh-Hans to=fil text="出口物流" tokenLen=788
[translate] MS response status: 200
[translate] MS request: from=zh-Hans to=fil text="FOB 广州/佛山。支持拼箱和整箱。与主" tokenLen=788
[translate] MS response status: 200
[translate] MS request: from=zh-Hans to=fil text="OEM / 定制订单" tokenLen=788
[translate] MS response status: 200
[translate] MS request: from=zh-Hans to=fil text="自有品牌包装、定制规格、配色和专属生产线" tokenLen=788
[translate] MS response status: 200
[translate] MS request: from=zh-Hans to=fil text="Vivian" tokenLen=788
[translate] MS response status: 200
[translate] MS request: from=zh-Hans to=fil text="出口销售经理" tokenLen=788
[translate] MS response status: 200
[translate] MS request: from=zh-Hans to=fil text="国际B2B销售、客户关系和出口单证。所有" tokenLen=788
[translate] MS response status: 200
[translate] MS request: from=zh-Hans to=fil text="研发部" tokenLen=788
[translate] MS response status: 200
[translate] MS request: from=zh-Hans to=fil text="技术开发团队" tokenLen=788
[translate] MS response status: 200
[translate] MS request: from=zh-Hans to=fil text="产品创新、定制配方、质量控制和国际合规技" tokenLen=788
[translate] MS response status: 200
[translate] MS request: from=zh-Hans to=fil text="生产团队" tokenLen=788
[translate] MS response status: 200
[translate] MS request: from=zh-Hans to=fil text="制造与质量控制" tokenLen=788
[translate] MS response status: 200
[translate] MS request: from=zh-Hans to=fil text="经验丰富的生产人员，按照ISO 9001" tokenLen=788
[translate] MS response status: 200
[translate] MS request: from=zh-Hans to=fil text="工厂外观" tokenLen=788
[translate] MS response status: 200
[translate] MS request: from=zh-Hans to=fil text="生产线" tokenLen=788
[translate] MS response status: 200
[translate] MS request: from=zh-Hans to=fil text="设备" tokenLen=788
[translate] MS response status: 200
[translate] MS request: from=zh-Hans to=fil text="质量控制" tokenLen=788
[translate] MS response status: 200
Error reading translations.json: SyntaxError: Unexpected token '﻿', "﻿{
    "e"... is not valid JSON
    at JSON.parse (<anonymous>)
    at readDataFile (file:///c:/Users/liziying/WorkBuddy/Claw/jinyu-2026/admin/server.js:48:19)
    at file:///c:/Users/liziying/WorkBuddy/Claw/jinyu-2026/admin/server.js:129:24
    at Layer.handle [as handle_request] (c:\Users\liziying\WorkBuddy\Claw\jinyu-2026\admin\node_modules\express\lib\router\layer.js:95:5)
    at next (c:\Users\liziying\WorkBuddy\Claw\jinyu-2026\admin\node_modules\express\lib\router\route.js:149:13)
    at Route.dispatch (c:\Users\liziying\WorkBuddy\Claw\jinyu-2026\admin\node_modules\express\lib\router\route.js:119:3)
    at Layer.handle [as handle_request] (c:\Users\liziying\WorkBuddy\Claw\jinyu-2026\admin\node_modules\express\lib\router\layer.js:95:5)
    at c:\Users\liziying\WorkBuddy\Claw\jinyu-2026\admin\node_modules\express\lib\router\index.js:284:15
    at param (c:\Users\liziying\WorkBuddy\Claw\jinyu-2026\admin\node_modules\express\lib\router\index.js:365:14)
    at param (c:\Users\liziying\WorkBuddy\Claw\jinyu-2026\admin\node_modules\express\lib\router\index.js:376:14)
Error reading translations.json: SyntaxError: Unexpected token '﻿', "﻿{
    "e"... is not valid JSON
    at JSON.parse (<anonymous>)
    at readDataFile (file:///c:/Users/liziying/WorkBuddy/Claw/jinyu-2026/admin/server.js:48:19)
    at file:///c:/Users/liziying/WorkBuddy/Claw/jinyu-2026/admin/server.js:129:24
    at Layer.handle [as handle_request] (c:\Users\liziying\WorkBuddy\Claw\jinyu-2026\admin\node_modules\express\lib\router\layer.js:95:5)
    at next (c:\Users\liziying\WorkBuddy\Claw\jinyu-2026\admin\node_modules\express\lib\router\route.js:149:13)
    at Route.dispatch (c:\Users\liziying\WorkBuddy\Claw\jinyu-2026\admin\node_modules\express\lib\router\route.js:119:3)
    at Layer.handle [as handle_request] (c:\Users\liziying\WorkBuddy\Claw\jinyu-2026\admin\node_modules\express\lib\router\layer.js:95:5)
    at c:\Users\liziying\WorkBuddy\Claw\jinyu-2026\admin\node_modules\express\lib\router\index.js:284:15
    at param (c:\Users\liziying\WorkBuddy\Claw\jinyu-2026\admin\node_modules\express\lib\router\index.js:365:14)
    at param (c:\Users\liziying\WorkBuddy\Claw\jinyu-2026\admin\node_modules\express\lib\router\index.js:376:14)
Error reading translations.json: SyntaxError: Unexpected token '﻿', "﻿{
    "e"... is not valid JSON
    at JSON.parse (<anonymous>)
    at readDataFile (file:///c:/Users/liziying/WorkBuddy/Claw/jinyu-2026/admin/server.js:48:19)
    at file:///c:/Users/liziying/WorkBuddy/Claw/jinyu-2026/admin/server.js:129:24
    at Layer.handle [as handle_request] (c:\Users\liziying\WorkBuddy\Claw\jinyu-2026\admin\node_modules\express\lib\router\layer.js:95:5)
    at next (c:\Users\liziying\WorkBuddy\Claw\jinyu-2026\admin\node_modules\express\lib\router\route.js:149:13)
    at Route.dispatch (c:\Users\liziying\WorkBuddy\Claw\jinyu-2026\admin\node_modules\express\lib\router\route.js:119:3)
    at Layer.handle [as handle_request] (c:\Users\liziying\WorkBuddy\Claw\jinyu-2026\admin\node_modules\express\lib\router\layer.js:95:5)
    at c:\Users\liziying\WorkBuddy\Claw\jinyu-2026\admin\node_modules\express\lib\router\index.js:284:15
    at param (c:\Users\liziying\WorkBuddy\Claw\jinyu-2026\admin\node_modules\express\lib\router\index.js:365:14)
    at param (c:\Users\liziying\WorkBuddy\Claw\jinyu-2026\admin\node_modules\express\lib\router\index.js:376:14)
Error reading translations.json: SyntaxError: Unexpected token '﻿', "﻿{
    "e"... is not valid JSON
    at JSON.parse (<anonymous>)
    at readDataFile (file:///c:/Users/liziying/WorkBuddy/Claw/jinyu-2026/admin/server.js:48:19)
    at file:///c:/Users/liziying/WorkBuddy/Claw/jinyu-2026/admin/server.js:129:24
    at Layer.handle [as handle_request] (c:\Users\liziying\WorkBuddy\Claw\jinyu-2026\admin\node_modules\express\lib\router\layer.js:95:5)
    at next (c:\Users\liziying\WorkBuddy\Claw\jinyu-2026\admin\node_modules\express\lib\router\route.js:149:13)
    at Route.dispatch (c:\Users\liziying\WorkBuddy\Claw\jinyu-2026\admin\node_modules\express\lib\router\route.js:119:3)
    at Layer.handle [as handle_request] (c:\Users\liziying\WorkBuddy\Claw\jinyu-2026\admin\node_modules\express\lib\router\layer.js:95:5)
    at c:\Users\liziying\WorkBuddy\Claw\jinyu-2026\admin\node_modules\express\lib\router\index.js:284:15
    at param (c:\Users\liziying\WorkBuddy\Claw\jinyu-2026\admin\node_modules\express\lib\router\index.js:365:14)
    at param (c:\Users\liziying\WorkBuddy\Claw\jinyu-2026\admin\node_modules\express\lib\router\index.js:376:14)
[translate] MS request: from=zh-Hans to=vi text="优质Polymeric Self Adh" tokenLen=788
[translate] MS request: from=zh-Hans to=tl text="优质Polymeric Self Adh" tokenLen=788
[translate] MS response status: 400
[translate] MS Edge failed: MS translate HTTP 400 - trying MyMemory fallback
[translate] MS response status: 200
[translate] MS Edge failed: The operation was aborted due to timeout - trying MyMemory fallback
[translate] all methods failed: The operation was aborted due to timeout | MyMemory status 429
[translate] error: All translation APIs failed
[translate] all methods failed: MS translate HTTP 400 | MyMemory status 429
[translate] error: All translation APIs failed
[translate] MS request: from=zh-Hans to=vi text="优质Polymeric Self Adh" tokenLen=788
[translate] MS request: from=zh-Hans to=vi text="优质Polymeric Self Adh" tokenLen=788
[translate] MS response status: 200
[translate] MS response status: 200
[translate] MS request: from=zh-Hans to=vi text="??????????,?????????" tokenLen=788
[translate] MS request: from=zh-Hans to=vi text="??????????,?????????" tokenLen=788
[translate] MS response status: 200
[translate] MS response status: 200
[translate] MS request: from=en to=vi text="Release Paper" tokenLen=788
[translate] MS response status: 200
[translate] batch: en → vi, 3 keys saved
[translate] MS request: from=en to=tl text="Glossy" tokenLen=788
[translate] MS response status: 400
[translate] MS Edge failed: MS translate HTTP 400 - trying MyMemory fallback
[translate] all methods failed: MS translate HTTP 400 | MyMemory status 429
[translate] error: All translation APIs failed
[translate] MS request: from=zh-Hans to=vi text="优质透明自粘乙烯基，适用于广告展示应用。" tokenLen=788
[translate] MS response status: 200
[translate] MS request: from=en to=vi text="Release Paper" tokenLen=788
[translate] MS request: from=en to=vi text="Film Thickness" tokenLen=788
[translate] MS request: from=en to=vi text="Surface" tokenLen=788
[translate] MS request: from=en to=vi text="Transparency" tokenLen=788
[translate] MS request: from=en to=vi text="Size" tokenLen=788
[translate] MS request: from=en to=vi text="Ink Type" tokenLen=788
[translate] MS response status: 200
[translate] MS request: from=en to=vi text="Application" tokenLen=788
[translate] MS response status: 200
[translate] MS request: from=en to=vi text="140g ± 5g" tokenLen=788
[translate] MS response status: 200
[translate] MS response status: 200
[translate] MS request: from=en to=vi text="Window Graphics, See" tokenLen=788
[translate] MS response status: 200
[translate] MS request: from=zh-Hans to=tl text="优质透明自粘乙烯基，适用于广告展示应用。" tokenLen=788
[translate] MS response status: 200
[translate] MS request: from=en to=vi text="Eco solvent / Solven" tokenLen=788
[translate] MS response status: 400
[translate] MS Edge failed: MS translate HTTP 400 - trying MyMemory fallback
[translate] MS response status: 200
[translate] MS request: from=en to=vi text="1.07/1.27/1.37/1.52m" tokenLen=788
[translate] MS response status: 200
[translate] MS request: from=en to=vi text="90 micron ± 5 micron" tokenLen=788
[translate] MS response status: 200
[translate] MS response status: 200
[translate] MS request: from=en to=vi text="Crystal Clear" tokenLen=788
[translate] MS response status: 200
[translate] all methods failed: MS translate HTTP 400 | MyMemory status 429
[translate] error: All translation APIs failed
[translate] MS request: from=en to=tl text="Release Paper" tokenLen=788
[translate] MS request: from=en to=tl text="Film Thickness" tokenLen=788
[translate] MS request: from=en to=tl text="Surface" tokenLen=788
[translate] MS request: from=en to=tl text="Transparency" tokenLen=788
[translate] MS response status: 400
[translate] MS Edge failed: MS translate HTTP 400 - trying MyMemory fallback
[translate] MS response status: 400
[translate] MS Edge failed: MS translate HTTP 400 - trying MyMemory fallback
[translate] MS response status: 400
[translate] MS Edge failed: MS translate HTTP 400 - trying MyMemory fallback
[translate] MS response status: 400
[translate] MS Edge failed: MS translate HTTP 400 - trying MyMemory fallback
[translate] MS response status: 200
[translate] MS request: from=en to=tl text="Size" tokenLen=788
[translate] all methods failed: MS translate HTTP 400 | MyMemory status 429
[translate] error: All translation APIs failed
[translate] MS request: from=en to=tl text="Ink Type" tokenLen=788
[translate] MS response status: 200
[translate] MS request: from=en to=tl text="Application" tokenLen=788
[translate] MS response status: 400
[translate] MS Edge failed: MS translate HTTP 400 - trying MyMemory fallback
[translate] MS response status: 400
[translate] MS Edge failed: MS translate HTTP 400 - trying MyMemory fallback
[translate] MS response status: 400
[translate] MS Edge failed: MS translate HTTP 400 - trying MyMemory fallback
[translate] all methods failed: MS translate HTTP 400 | MyMemory status 429
[translate] error: All translation APIs failed
[translate] MS request: from=en to=vi text="Glossy" tokenLen=788
[translate] MS response status: 200
[translate] MS request: from=en to=tl text="90 micron ± 5 micron" tokenLen=788
[translate] all methods failed: MS translate HTTP 400 | MyMemory status 429
[translate] error: All translation APIs failed
[translate] MS request: from=en to=tl text="1.07/1.27/1.37/1.52m" tokenLen=788
[translate] all methods failed: MS translate HTTP 400 | MyMemory status 429
[translate] error: All translation APIs failed
[translate] MS request: from=en to=tl text="Glossy" tokenLen=788
[translate] MS response status: 400
[translate] MS Edge failed: MS translate HTTP 400 - trying MyMemory fallback
[translate] MS response status: 400
[translate] MS Edge failed: MS translate HTTP 400 - trying MyMemory fallback
[translate] all methods failed: MS translate HTTP 400 | MyMemory status 429
[translate] error: All translation APIs failed
[translate] MS request: from=en to=tl text="Crystal Clear" tokenLen=788
[translate] all methods failed: MS translate HTTP 400 | MyMemory status 429
[translate] error: All translation APIs failed
[translate] MS response status: 400
[translate] MS Edge failed: MS translate HTTP 400 - trying MyMemory fallback
[translate] MS response status: 400
[translate] MS Edge failed: MS translate HTTP 400 - trying MyMemory fallback
[translate] all methods failed: MS translate HTTP 400 | MyMemory status 429
[translate] error: All translation APIs failed
[translate] all methods failed: MS translate HTTP 400 | MyMemory status 429
[translate] error: All translation APIs failed
[translate] all methods failed: MS translate HTTP 400 | MyMemory status 429
[translate] error: All translation APIs failed
[translate] MS request: from=en to=tl text="140g ± 5g" tokenLen=788
[translate] MS response status: 400
[translate] MS Edge failed: MS translate HTTP 400 - trying MyMemory fallback
[translate] all methods failed: MS translate HTTP 400 | MyMemory status 429
[translate] error: All translation APIs failed
[translate] MS request: from=en to=tl text="Eco solvent / Solven" tokenLen=788
[translate] all methods failed: MS translate HTTP 400 | MyMemory status 429
[translate] error: All translation APIs failed
[translate] all methods failed: MS translate HTTP 400 | MyMemory status 429
[translate] error: All translation APIs failed
[translate] MS request: from=en to=tl text="Window Graphics, See" tokenLen=788
[translate] MS response status: 400
[translate] MS Edge failed: MS translate HTTP 400 - trying MyMemory fallback
[translate] all methods failed: MS translate HTTP 400 | MyMemory status 429
[translate] error: All translation APIs failed
[translate] MS response status: 400
[translate] MS Edge failed: MS translate HTTP 400 - trying MyMemory fallback
[translate] all methods failed: MS translate HTTP 400 | MyMemory status 429
[translate] error: All translation APIs failed
